[debug] [2019-05-13T06:51:22.738Z] ----------------------------------------------------------------------
[debug] [2019-05-13T06:51:22.740Z] Command:       /usr/bin/node /usr/bin/firebase deploy --project ethics-6ab4a
[debug] [2019-05-13T06:51:22.740Z] CLI Version:   6.9.2
[debug] [2019-05-13T06:51:22.740Z] Platform:      linux
[debug] [2019-05-13T06:51:22.740Z] Node Version:  v11.15.0
[debug] [2019-05-13T06:51:22.740Z] Time:          Mon May 13 2019 02:51:22 GMT-0400 (Eastern Daylight Time)
[debug] [2019-05-13T06:51:22.740Z] ----------------------------------------------------------------------
[debug] 
[debug] [2019-05-13T06:51:22.745Z] > command requires scopes: ["email","openid","https://www.googleapis.com/auth/cloudplatformprojects.readonly","https://www.googleapis.com/auth/firebase","https://www.googleapis.com/auth/cloud-platform"]
[debug] [2019-05-13T06:51:22.745Z] > authorizing via signed-in user
[debug] [2019-05-13T06:51:22.745Z] [iam] checking project ethics-6ab4a for permissions ["cloudfunctions.functions.create","cloudfunctions.functions.delete","cloudfunctions.functions.get","cloudfunctions.functions.list","cloudfunctions.functions.update","cloudfunctions.operations.get","firebase.projects.get"]
[debug] [2019-05-13T06:51:22.746Z] >>> HTTP REQUEST POST https://cloudresourcemanager.googleapis.com/v1/projects/ethics-6ab4a:testIamPermissions  

[debug] [2019-05-13T06:51:23.100Z] <<< HTTP RESPONSE 200
[info] 
[info] === Deploying to 'ethics-6ab4a'...
[info] 
[info] i  deploying functions
[debug] [2019-05-13T06:51:24.586Z] > [functions] package.json contents: {
  "name": "codelab-level-one",
  "description": "Actions on Google Codelab Level 1",
  "author": "Google Inc",
  "private": true,
  "scripts": {
    "lint": "eslint .",
    "serve": "firebase serve --only functions",
    "shell": "firebase experimental:functions:shell",
    "start": "npm run shell",
    "deploy": "firebase deploy --only functions",
    "logs": "firebase functions:log"
  },
  "dependencies": {
    "actions-on-google": "^2.0.0",
    "ajv": "^6.10.0",
    "firebase-admin": "^5.13.1",
    "firebase-functions": "^2.3.1"
  },
  "devDependencies": {
    "eslint": "^4.19.0",
    "eslint-config-google": "^0.9.1"
  }
}
[info] i  functions: ensuring necessary APIs are enabled...
[debug] [2019-05-13T06:51:24.587Z] >>> HTTP REQUEST GET https://servicemanagement.googleapis.com/v1/services/cloudfunctions.googleapis.com/projectSettings/ethics-6ab4a?view=CONSUMER_VIEW  
 
[debug] [2019-05-13T06:51:24.588Z] >>> HTTP REQUEST GET https://servicemanagement.googleapis.com/v1/services/runtimeconfig.googleapis.com/projectSettings/ethics-6ab4a?view=CONSUMER_VIEW  
 
[debug] [2019-05-13T06:51:25.566Z] <<< HTTP RESPONSE 200
[debug] [2019-05-13T06:51:25.604Z] <<< HTTP RESPONSE 200
[info] ✔  functions: all necessary APIs are enabled
[debug] [2019-05-13T06:51:25.605Z] >>> HTTP REQUEST GET https://cloudresourcemanager.googleapis.com/v1/projects/ethics-6ab4a  
 
[debug] [2019-05-13T06:51:25.900Z] <<< HTTP RESPONSE 200
[debug] [2019-05-13T06:51:25.900Z] >>> HTTP REQUEST GET https://mobilesdk-pa.googleapis.com/v1/projects/625313390971:getServerAppConfig  
 
[debug] [2019-05-13T06:51:26.170Z] <<< HTTP RESPONSE 200
[info] i  functions: preparing functions directory for uploading...
[debug] [2019-05-13T06:51:26.172Z] >>> HTTP REQUEST GET https://runtimeconfig.googleapis.com/v1beta1/projects/ethics-6ab4a/configs  
 
[debug] [2019-05-13T06:51:26.661Z] <<< HTTP RESPONSE 200
[info] i  functions: packaged functions (54.76 KB) for uploading
[debug] [2019-05-13T06:51:26.998Z] >>> HTTP REQUEST POST https://cloudfunctions.googleapis.com/v1/projects/ethics-6ab4a/locations/us-central1/functions:generateUploadUrl  
 
[debug] [2019-05-13T06:51:27.482Z] <<< HTTP RESPONSE 200
[debug] [2019-05-13T06:51:27.483Z] >>> HTTP REQUEST PUT https://storage.googleapis.com/gcf-upload-us-central1-fff40ed1-5f09-4f14-8e87-6d16060fcd9a/5edd18e0-5c3b-4fef-96ab-befba03411a3.zip?GoogleAccessId=service-625313390971@gcf-admin-robot.iam.gserviceaccount.com&Expires=1557732087&Signature=TC2gK43Z0QqDxZO6eBrCsi9CKL%2BokbbtKwxxHkeoB2k4qo%2BCrjppUhIRE8fzvcqqFDl3TBmYvjZYeNfWlEpwvEM6ZG0ZjLk6UCjTlqMJDqIRzz%2B9eOu%2Fw%2FWa0z5UHkVHzR07k8hHCzzeHuEGgmBmV8r%2BWR%2FzsZgRG2vN3Sn5Al83nus7hwxCSNEO3IMpXK%2Fzwq5dFDqF7nKvVbui35YsyQ0LtzrqzPfvpZW2SdEjVparz5HCN6%2BaLBqMEdrjP8w1aQjf0QKzwmjeOEnHxvgyrcG9dufOdA5FKRRiB0VnyU9NReaCOa84QTwMBDu8zgmaHFw5HP28vHY4d2pghz6wDQ%3D%3D  

[debug] [2019-05-13T06:51:27.839Z] <<< HTTP RESPONSE 200
[info] ✔  functions: functions folder uploaded successfully
[debug] [2019-05-13T06:51:27.842Z] >>> HTTP REQUEST GET https://cloudfunctions.googleapis.com/v1/projects/ethics-6ab4a/locations/-/functions  
 
[debug] [2019-05-13T06:51:28.400Z] <<< HTTP RESPONSE 200
[info] i  functions: updating Node.js 8 function dialogflowFirebaseFulfillment(us-central1)...
[debug] [2019-05-13T06:51:28.404Z] Trigger is:  {"httpsTrigger":{}}
[debug] [2019-05-13T06:51:28.405Z] >>> HTTP REQUEST GET https://servicemanagement.googleapis.com/v1/services/cloudscheduler.googleapis.com/projectSettings/ethics-6ab4a?view=CONSUMER_VIEW  
 
[debug] [2019-05-13T06:51:29.340Z] <<< HTTP RESPONSE 200
[debug] [2019-05-13T06:51:29.342Z] >>> HTTP REQUEST PATCH https://cloudfunctions.googleapis.com/v1/projects/ethics-6ab4a/locations/us-central1/functions/dialogflowFirebaseFulfillment {"updateMask":"sourceUploadUrl,name,labels,httpsTrigger"} 

[debug] [2019-05-13T06:51:29.992Z] <<< HTTP RESPONSE 200
[debug] [2019-05-13T06:51:29.995Z] >>> HTTP REQUEST GET https://cloudfunctions.googleapis.com/v1/projects/ethics-6ab4a/locations/-/functions  
 
[debug] [2019-05-13T06:51:30.557Z] <<< HTTP RESPONSE 200
[debug] [2019-05-13T06:51:30.559Z] >>> HTTP REQUEST GET https://cloudfunctions.googleapis.com/v1/operations/ZXRoaWNzLTZhYjRhL3VzLWNlbnRyYWwxL2RpYWxvZ2Zsb3dGaXJlYmFzZUZ1bGZpbGxtZW50L0lYS3BOSENYS2hF  
 
[debug] [2019-05-13T06:51:30.942Z] <<< HTTP RESPONSE 200
[debug] [2019-05-13T06:51:32.945Z] >>> HTTP REQUEST GET https://cloudfunctions.googleapis.com/v1/operations/ZXRoaWNzLTZhYjRhL3VzLWNlbnRyYWwxL2RpYWxvZ2Zsb3dGaXJlYmFzZUZ1bGZpbGxtZW50L0lYS3BOSENYS2hF  
 
[debug] [2019-05-13T06:51:33.319Z] <<< HTTP RESPONSE 200
[debug] [2019-05-13T06:51:35.322Z] >>> HTTP REQUEST GET https://cloudfunctions.googleapis.com/v1/operations/ZXRoaWNzLTZhYjRhL3VzLWNlbnRyYWwxL2RpYWxvZ2Zsb3dGaXJlYmFzZUZ1bGZpbGxtZW50L0lYS3BOSENYS2hF  
 
[debug] [2019-05-13T06:51:35.694Z] <<< HTTP RESPONSE 200
[debug] [2019-05-13T06:51:37.697Z] >>> HTTP REQUEST GET https://cloudfunctions.googleapis.com/v1/operations/ZXRoaWNzLTZhYjRhL3VzLWNlbnRyYWwxL2RpYWxvZ2Zsb3dGaXJlYmFzZUZ1bGZpbGxtZW50L0lYS3BOSENYS2hF  
 
[debug] [2019-05-13T06:51:38.056Z] <<< HTTP RESPONSE 200
[debug] [2019-05-13T06:51:40.059Z] >>> HTTP REQUEST GET https://cloudfunctions.googleapis.com/v1/operations/ZXRoaWNzLTZhYjRhL3VzLWNlbnRyYWwxL2RpYWxvZ2Zsb3dGaXJlYmFzZUZ1bGZpbGxtZW50L0lYS3BOSENYS2hF  
 
[debug] [2019-05-13T06:51:40.238Z] <<< HTTP RESPONSE 200
[debug] [2019-05-13T06:51:42.242Z] >>> HTTP REQUEST GET https://cloudfunctions.googleapis.com/v1/operations/ZXRoaWNzLTZhYjRhL3VzLWNlbnRyYWwxL2RpYWxvZ2Zsb3dGaXJlYmFzZUZ1bGZpbGxtZW50L0lYS3BOSENYS2hF  
 
[debug] [2019-05-13T06:51:42.618Z] <<< HTTP RESPONSE 200
[debug] [2019-05-13T06:51:44.622Z] >>> HTTP REQUEST GET https://cloudfunctions.googleapis.com/v1/operations/ZXRoaWNzLTZhYjRhL3VzLWNlbnRyYWwxL2RpYWxvZ2Zsb3dGaXJlYmFzZUZ1bGZpbGxtZW50L0lYS3BOSENYS2hF  
 
[debug] [2019-05-13T06:51:44.981Z] <<< HTTP RESPONSE 200
[debug] [2019-05-13T06:51:46.984Z] >>> HTTP REQUEST GET https://cloudfunctions.googleapis.com/v1/operations/ZXRoaWNzLTZhYjRhL3VzLWNlbnRyYWwxL2RpYWxvZ2Zsb3dGaXJlYmFzZUZ1bGZpbGxtZW50L0lYS3BOSENYS2hF  
 
[debug] [2019-05-13T06:51:47.180Z] <<< HTTP RESPONSE 200
[debug] [2019-05-13T06:51:49.183Z] >>> HTTP REQUEST GET https://cloudfunctions.googleapis.com/v1/operations/ZXRoaWNzLTZhYjRhL3VzLWNlbnRyYWwxL2RpYWxvZ2Zsb3dGaXJlYmFzZUZ1bGZpbGxtZW50L0lYS3BOSENYS2hF  
 
[debug] [2019-05-13T06:51:49.365Z] <<< HTTP RESPONSE 200
